<?xml version="1.0" encoding="UTF-8"?>
<coverage generated="1742987880149" clover="3.2.0">
  <project timestamp="1742987880149" name="All files">
    <metrics statements="77" coveredstatements="75" conditionals="47" coveredconditionals="44" methods="15" coveredmethods="15" elements="139" coveredelements="134" complexity="0" loc="77" ncloc="77" packages="2" files="6" classes="6"/>
    <package name="src">
      <metrics statements="37" coveredstatements="37" conditionals="22" coveredconditionals="22" methods="5" coveredmethods="5"/>
      <file name="buildDiff.js" path="C:\Users\Admin\Desktop\scripts\frontend-project-46\src\buildDiff.js">
        <metrics statements="14" coveredstatements="14" conditionals="10" coveredconditionals="10" methods="2" coveredmethods="2"/>
        <line num="3" count="1" type="stmt"/>
        <line num="4" count="23" type="stmt"/>
        <line num="6" count="23" type="stmt"/>
        <line num="7" count="90" type="stmt"/>
        <line num="8" count="90" type="stmt"/>
        <line num="10" count="90" type="cond" truecount="2" falsecount="0"/>
        <line num="11" count="21" type="stmt"/>
        <line num="14" count="69" type="cond" truecount="2" falsecount="0"/>
        <line num="15" count="34" type="stmt"/>
        <line num="18" count="35" type="cond" truecount="4" falsecount="0"/>
        <line num="19" count="14" type="stmt"/>
        <line num="22" count="21" type="cond" truecount="2" falsecount="0"/>
        <line num="23" count="14" type="stmt"/>
        <line num="31" count="7" type="stmt"/>
      </file>
      <file name="index.js" path="C:\Users\Admin\Desktop\scripts\frontend-project-46\src\index.js">
        <metrics statements="14" coveredstatements="14" conditionals="7" coveredconditionals="7" methods="2" coveredmethods="2"/>
        <line num="7" count="1" type="stmt"/>
        <line num="8" count="9" type="cond" truecount="4" falsecount="0"/>
        <line num="9" count="6" type="stmt"/>
        <line num="10" count="1" type="stmt"/>
        <line num="11" count="1" type="stmt"/>
        <line num="12" count="1" type="stmt"/>
        <line num="16" count="1" type="cond" truecount="1" falsecount="0"/>
        <line num="17" count="10" type="cond" truecount="2" falsecount="0"/>
        <line num="18" count="1" type="stmt"/>
        <line num="20" count="9" type="stmt"/>
        <line num="21" count="9" type="stmt"/>
        <line num="22" count="9" type="stmt"/>
        <line num="23" count="9" type="stmt"/>
        <line num="24" count="8" type="stmt"/>
      </file>
      <file name="parsers.js" path="C:\Users\Admin\Desktop\scripts\frontend-project-46\src\parsers.js">
        <metrics statements="9" coveredstatements="9" conditionals="5" coveredconditionals="5" methods="1" coveredmethods="1"/>
        <line num="7" count="1" type="stmt"/>
        <line num="8" count="18" type="stmt"/>
        <line num="9" count="18" type="stmt"/>
        <line num="10" count="18" type="cond" truecount="2" falsecount="0"/>
        <line num="11" count="2" type="stmt"/>
        <line num="13" count="16" type="stmt"/>
        <line num="15" count="16" type="cond" truecount="3" falsecount="0"/>
        <line num="16" count="9" type="stmt"/>
        <line num="18" count="7" type="stmt"/>
      </file>
    </package>
    <package name="src.formatters">
      <metrics statements="40" coveredstatements="38" conditionals="25" coveredconditionals="22" methods="10" coveredmethods="10"/>
      <file name="json.js" path="C:\Users\Admin\Desktop\scripts\frontend-project-46\src\formatters\json.js">
        <metrics statements="1" coveredstatements="1" conditionals="0" coveredconditionals="0" methods="1" coveredmethods="1"/>
        <line num="1" count="1" type="stmt"/>
      </file>
      <file name="plain.js" path="C:\Users\Admin\Desktop\scripts\frontend-project-46\src\formatters\plain.js">
        <metrics statements="18" coveredstatements="17" conditionals="13" coveredconditionals="12" methods="4" coveredmethods="4"/>
        <line num="3" count="1" type="stmt"/>
        <line num="4" count="8" type="cond" truecount="2" falsecount="0"/>
        <line num="5" count="3" type="stmt"/>
        <line num="7" count="5" type="cond" truecount="2" falsecount="0"/>
        <line num="8" count="3" type="stmt"/>
        <line num="10" count="2" type="stmt"/>
        <line num="13" count="1" type="cond" truecount="1" falsecount="0"/>
        <line num="14" count="3" type="stmt"/>
        <line num="15" count="12" type="cond" truecount="2" falsecount="0"/>
        <line num="17" count="12" type="cond" truecount="5" falsecount="1"/>
        <line num="19" count="4" type="stmt"/>
        <line num="21" count="3" type="stmt"/>
        <line num="23" count="2" type="stmt"/>
        <line num="25" count="2" type="stmt"/>
        <line num="27" count="1" type="stmt"/>
        <line num="29" count="0" type="stmt"/>
        <line num="33" count="3" type="stmt"/>
        <line num="36" count="1" type="stmt"/>
      </file>
      <file name="stylish.js" path="C:\Users\Admin\Desktop\scripts\frontend-project-46\src\formatters\stylish.js">
        <metrics statements="21" coveredstatements="20" conditionals="12" coveredconditionals="10" methods="5" coveredmethods="5"/>
        <line num="3" count="1" type="cond" truecount="0" falsecount="1"/>
        <line num="4" count="92" type="stmt"/>
        <line num="5" count="92" type="stmt"/>
        <line num="6" count="92" type="stmt"/>
        <line num="8" count="92" type="cond" truecount="2" falsecount="0"/>
        <line num="10" count="30" type="stmt"/>
        <line num="11" count="38" type="stmt"/>
        <line num="13" count="30" type="stmt"/>
        <line num="16" count="1" type="cond" truecount="1" falsecount="0"/>
        <line num="17" count="14" type="stmt"/>
        <line num="18" count="14" type="stmt"/>
        <line num="20" count="54" type="cond" truecount="2" falsecount="0"/>
        <line num="21" count="24" type="stmt"/>
        <line num="23" count="54" type="cond" truecount="5" falsecount="1"/>
        <line num="25" count="22" type="stmt"/>
        <line num="27" count="12" type="stmt"/>
        <line num="29" count="8" type="stmt"/>
        <line num="34" count="8" type="stmt"/>
        <line num="36" count="4" type="stmt"/>
        <line num="38" count="0" type="stmt"/>
        <line num="42" count="14" type="stmt"/>
      </file>
    </package>
  </project>
</coverage>
