{"C:\\Users\\Admin\\Desktop\\scripts\\frontend-project-46\\src\\buildDiff.js": {"path":"C:\\Users\\Admin\\Desktop\\scripts\\frontend-project-46\\src\\buildDiff.js","statementMap":{"0":{"start":{"line":3,"column":18},"end":{"line":33,"column":1}},"1":{"start":{"line":4,"column":15},"end":{"line":4,"column":80}},"2":{"start":{"line":6,"column":2},"end":{"line":32,"column":5}},"3":{"start":{"line":7,"column":19},"end":{"line":7,"column":28}},"4":{"start":{"line":8,"column":19},"end":{"line":8,"column":28}},"5":{"start":{"line":10,"column":4},"end":{"line":12,"column":5}},"6":{"start":{"line":11,"column":6},"end":{"line":11,"column":53}},"7":{"start":{"line":14,"column":4},"end":{"line":16,"column":5}},"8":{"start":{"line":15,"column":6},"end":{"line":15,"column":51}},"9":{"start":{"line":18,"column":4},"end":{"line":20,"column":5}},"10":{"start":{"line":19,"column":6},"end":{"line":19,"column":74}},"11":{"start":{"line":22,"column":4},"end":{"line":29,"column":5}},"12":{"start":{"line":23,"column":6},"end":{"line":28,"column":8}},"13":{"start":{"line":31,"column":4},"end":{"line":31,"column":53}}},"fnMap":{"0":{"name":"(anonymous_0)","decl":{"start":{"line":3,"column":18},"end":{"line":3,"column":19}},"loc":{"start":{"line":3,"column":34},"end":{"line":33,"column":1}},"line":3},"1":{"name":"(anonymous_1)","decl":{"start":{"line":6,"column":18},"end":{"line":6,"column":19}},"loc":{"start":{"line":6,"column":27},"end":{"line":32,"column":3}},"line":6}},"branchMap":{"0":{"loc":{"start":{"line":10,"column":4},"end":{"line":12,"column":5}},"type":"if","locations":[{"start":{"line":10,"column":4},"end":{"line":12,"column":5}},{"start":{},"end":{}}],"line":10},"1":{"loc":{"start":{"line":14,"column":4},"end":{"line":16,"column":5}},"type":"if","locations":[{"start":{"line":14,"column":4},"end":{"line":16,"column":5}},{"start":{},"end":{}}],"line":14},"2":{"loc":{"start":{"line":18,"column":4},"end":{"line":20,"column":5}},"type":"if","locations":[{"start":{"line":18,"column":4},"end":{"line":20,"column":5}},{"start":{},"end":{}}],"line":18},"3":{"loc":{"start":{"line":18,"column":8},"end":{"line":18,"column":58}},"type":"binary-expr","locations":[{"start":{"line":18,"column":8},"end":{"line":18,"column":31}},{"start":{"line":18,"column":35},"end":{"line":18,"column":58}}],"line":18},"4":{"loc":{"start":{"line":22,"column":4},"end":{"line":29,"column":5}},"type":"if","locations":[{"start":{"line":22,"column":4},"end":{"line":29,"column":5}},{"start":{},"end":{}}],"line":22}},"s":{"0":1,"1":23,"2":23,"3":90,"4":90,"5":90,"6":21,"7":69,"8":34,"9":35,"10":14,"11":21,"12":14,"13":7},"f":{"0":23,"1":90},"b":{"0":[21,69],"1":[34,35],"2":[14,21],"3":[35,14],"4":[14,7]},"_coverageSchema":"1a1c01bbd47fc00a2c39e90264f33305004495a9","hash":"01b7fcc5e8bdff517b7d75cefab97df4769caaa1"}
,"C:\\Users\\Admin\\Desktop\\scripts\\frontend-project-46\\src\\index.js": {"path":"C:\\Users\\Admin\\Desktop\\scripts\\frontend-project-46\\src\\index.js","statementMap":{"0":{"start":{"line":7,"column":21},"end":{"line":14,"column":1}},"1":{"start":{"line":8,"column":2},"end":{"line":13,"column":3}},"2":{"start":{"line":9,"column":20},"end":{"line":9,"column":41}},"3":{"start":{"line":10,"column":18},"end":{"line":10,"column":37}},"4":{"start":{"line":11,"column":17},"end":{"line":11,"column":35}},"5":{"start":{"line":12,"column":13},"end":{"line":12,"column":58}},"6":{"start":{"line":16,"column":16},"end":{"line":25,"column":1}},"7":{"start":{"line":17,"column":2},"end":{"line":19,"column":3}},"8":{"start":{"line":18,"column":4},"end":{"line":18,"column":14}},"9":{"start":{"line":20,"column":15},"end":{"line":20,"column":35}},"10":{"start":{"line":21,"column":15},"end":{"line":21,"column":35}},"11":{"start":{"line":22,"column":15},"end":{"line":22,"column":36}},"12":{"start":{"line":23,"column":20},"end":{"line":23,"column":40}},"13":{"start":{"line":24,"column":2},"end":{"line":24,"column":25}}},"fnMap":{"0":{"name":"(anonymous_0)","decl":{"start":{"line":7,"column":21},"end":{"line":7,"column":22}},"loc":{"start":{"line":7,"column":33},"end":{"line":14,"column":1}},"line":7},"1":{"name":"(anonymous_1)","decl":{"start":{"line":16,"column":16},"end":{"line":16,"column":17}},"loc":{"start":{"line":16,"column":62},"end":{"line":25,"column":1}},"line":16}},"branchMap":{"0":{"loc":{"start":{"line":8,"column":2},"end":{"line":13,"column":3}},"type":"switch","locations":[{"start":{"line":9,"column":4},"end":{"line":9,"column":41}},{"start":{"line":10,"column":4},"end":{"line":10,"column":37}},{"start":{"line":11,"column":4},"end":{"line":11,"column":35}},{"start":{"line":12,"column":4},"end":{"line":12,"column":58}}],"line":8},"1":{"loc":{"start":{"line":16,"column":39},"end":{"line":16,"column":57}},"type":"default-arg","locations":[{"start":{"line":16,"column":48},"end":{"line":16,"column":57}}],"line":16},"2":{"loc":{"start":{"line":17,"column":2},"end":{"line":19,"column":3}},"type":"if","locations":[{"start":{"line":17,"column":2},"end":{"line":19,"column":3}},{"start":{},"end":{}}],"line":17}},"s":{"0":1,"1":9,"2":6,"3":1,"4":1,"5":1,"6":1,"7":10,"8":1,"9":9,"10":9,"11":9,"12":9,"13":8},"f":{"0":9,"1":10},"b":{"0":[6,1,1,1],"1":[5],"2":[1,9]},"_coverageSchema":"1a1c01bbd47fc00a2c39e90264f33305004495a9","hash":"ebda38bf609d61ffda4c074d47654a64abe8b6ba"}
,"C:\\Users\\Admin\\Desktop\\scripts\\frontend-project-46\\src\\parsers.js": {"path":"C:\\Users\\Admin\\Desktop\\scripts\\frontend-project-46\\src\\parsers.js","statementMap":{"0":{"start":{"line":7,"column":18},"end":{"line":20,"column":1}},"1":{"start":{"line":8,"column":23},"end":{"line":8,"column":60}},"2":{"start":{"line":9,"column":18},"end":{"line":9,"column":55}},"3":{"start":{"line":10,"column":2},"end":{"line":12,"column":3}},"4":{"start":{"line":11,"column":4},"end":{"line":11,"column":13}},"5":{"start":{"line":13,"column":14},"end":{"line":13,"column":63}},"6":{"start":{"line":15,"column":2},"end":{"line":19,"column":3}},"7":{"start":{"line":16,"column":17},"end":{"line":16,"column":44}},"8":{"start":{"line":18,"column":17},"end":{"line":18,"column":43}}},"fnMap":{"0":{"name":"(anonymous_0)","decl":{"start":{"line":7,"column":18},"end":{"line":7,"column":19}},"loc":{"start":{"line":7,"column":32},"end":{"line":20,"column":1}},"line":7}},"branchMap":{"0":{"loc":{"start":{"line":10,"column":2},"end":{"line":12,"column":3}},"type":"if","locations":[{"start":{"line":10,"column":2},"end":{"line":12,"column":3}},{"start":{},"end":{}}],"line":10},"1":{"loc":{"start":{"line":15,"column":2},"end":{"line":19,"column":3}},"type":"switch","locations":[{"start":{"line":16,"column":4},"end":{"line":16,"column":44}},{"start":{"line":17,"column":4},"end":{"line":17,"column":15}},{"start":{"line":18,"column":4},"end":{"line":18,"column":43}}],"line":15}},"s":{"0":1,"1":18,"2":18,"3":18,"4":2,"5":16,"6":16,"7":9,"8":7},"f":{"0":18},"b":{"0":[2,16],"1":[9,7,7]},"_coverageSchema":"1a1c01bbd47fc00a2c39e90264f33305004495a9","hash":"4cd7b51a81735e2af2eec356d64d19b4027d685a"}
,"C:\\Users\\Admin\\Desktop\\scripts\\frontend-project-46\\src\\formatters\\json.js": {"path":"C:\\Users\\Admin\\Desktop\\scripts\\frontend-project-46\\src\\formatters\\json.js","statementMap":{"0":{"start":{"line":1,"column":19},"end":{"line":1,"column":58}},"1":{"start":{"line":1,"column":29},"end":{"line":1,"column":58}}},"fnMap":{"0":{"name":"(anonymous_0)","decl":{"start":{"line":1,"column":19},"end":{"line":1,"column":20}},"loc":{"start":{"line":1,"column":29},"end":{"line":1,"column":58}},"line":1}},"branchMap":{},"s":{"0":1,"1":1},"f":{"0":1},"b":{},"_coverageSchema":"1a1c01bbd47fc00a2c39e90264f33305004495a9","hash":"dbf3f747ff39dae847539395eec7bcd07c585ad1"}
,"C:\\Users\\Admin\\Desktop\\scripts\\frontend-project-46\\src\\formatters\\plain.js": {"path":"C:\\Users\\Admin\\Desktop\\scripts\\frontend-project-46\\src\\formatters\\plain.js","statementMap":{"0":{"start":{"line":3,"column":20},"end":{"line":11,"column":1}},"1":{"start":{"line":4,"column":2},"end":{"line":6,"column":3}},"2":{"start":{"line":5,"column":4},"end":{"line":5,"column":29}},"3":{"start":{"line":7,"column":2},"end":{"line":9,"column":3}},"4":{"start":{"line":8,"column":4},"end":{"line":8,"column":24}},"5":{"start":{"line":10,"column":2},"end":{"line":10,"column":23}},"6":{"start":{"line":13,"column":19},"end":{"line":34,"column":1}},"7":{"start":{"line":14,"column":16},"end":{"line":31,"column":4}},"8":{"start":{"line":15,"column":24},"end":{"line":15,"column":75}},"9":{"start":{"line":17,"column":4},"end":{"line":30,"column":5}},"10":{"start":{"line":19,"column":8},"end":{"line":19,"column":92}},"11":{"start":{"line":21,"column":8},"end":{"line":21,"column":55}},"12":{"start":{"line":23,"column":8},"end":{"line":23,"column":124}},"13":{"start":{"line":25,"column":8},"end":{"line":25,"column":54}},"14":{"start":{"line":27,"column":8},"end":{"line":27,"column":18}},"15":{"start":{"line":29,"column":8},"end":{"line":29,"column":59}},"16":{"start":{"line":33,"column":2},"end":{"line":33,"column":26}},"17":{"start":{"line":36,"column":20},"end":{"line":36,"column":46}},"18":{"start":{"line":36,"column":30},"end":{"line":36,"column":46}}},"fnMap":{"0":{"name":"(anonymous_0)","decl":{"start":{"line":3,"column":20},"end":{"line":3,"column":21}},"loc":{"start":{"line":3,"column":31},"end":{"line":11,"column":1}},"line":3},"1":{"name":"(anonymous_1)","decl":{"start":{"line":13,"column":19},"end":{"line":13,"column":20}},"loc":{"start":{"line":13,"column":47},"end":{"line":34,"column":1}},"line":13},"2":{"name":"(anonymous_2)","decl":{"start":{"line":14,"column":30},"end":{"line":14,"column":31}},"loc":{"start":{"line":14,"column":40},"end":{"line":31,"column":3}},"line":14},"3":{"name":"(anonymous_3)","decl":{"start":{"line":36,"column":20},"end":{"line":36,"column":21}},"loc":{"start":{"line":36,"column":30},"end":{"line":36,"column":46}},"line":36}},"branchMap":{"0":{"loc":{"start":{"line":4,"column":2},"end":{"line":6,"column":3}},"type":"if","locations":[{"start":{"line":4,"column":2},"end":{"line":6,"column":3}},{"start":{},"end":{}}],"line":4},"1":{"loc":{"start":{"line":7,"column":2},"end":{"line":9,"column":3}},"type":"if","locations":[{"start":{"line":7,"column":2},"end":{"line":9,"column":3}},{"start":{},"end":{}}],"line":7},"2":{"loc":{"start":{"line":13,"column":27},"end":{"line":13,"column":42}},"type":"default-arg","locations":[{"start":{"line":13,"column":40},"end":{"line":13,"column":42}}],"line":13},"3":{"loc":{"start":{"line":15,"column":24},"end":{"line":15,"column":75}},"type":"cond-expr","locations":[{"start":{"line":15,"column":37},"end":{"line":15,"column":64}},{"start":{"line":15,"column":67},"end":{"line":15,"column":75}}],"line":15},"4":{"loc":{"start":{"line":17,"column":4},"end":{"line":30,"column":5}},"type":"switch","locations":[{"start":{"line":18,"column":6},"end":{"line":19,"column":92}},{"start":{"line":20,"column":6},"end":{"line":21,"column":55}},{"start":{"line":22,"column":6},"end":{"line":23,"column":124}},{"start":{"line":24,"column":6},"end":{"line":25,"column":54}},{"start":{"line":26,"column":6},"end":{"line":27,"column":18}},{"start":{"line":28,"column":6},"end":{"line":29,"column":59}}],"line":17}},"s":{"0":1,"1":8,"2":3,"3":5,"4":3,"5":2,"6":1,"7":3,"8":12,"9":12,"10":4,"11":3,"12":2,"13":2,"14":1,"15":0,"16":3,"17":1,"18":1},"f":{"0":8,"1":3,"2":12,"3":1},"b":{"0":[3,5],"1":[3,2],"2":[1],"3":[8,4],"4":[4,3,2,2,1,0]},"_coverageSchema":"1a1c01bbd47fc00a2c39e90264f33305004495a9","hash":"4f7d094ac4e48ce0ae54485485840594b1256cbf"}
,"C:\\Users\\Admin\\Desktop\\scripts\\frontend-project-46\\src\\formatters\\stylish.js": {"path":"C:\\Users\\Admin\\Desktop\\scripts\\frontend-project-46\\src\\formatters\\stylish.js","statementMap":{"0":{"start":{"line":3,"column":18},"end":{"line":14,"column":3}},"1":{"start":{"line":4,"column":23},"end":{"line":4,"column":24}},"2":{"start":{"line":5,"column":26},"end":{"line":5,"column":60}},"3":{"start":{"line":6,"column":26},"end":{"line":6,"column":62}},"4":{"start":{"line":8,"column":4},"end":{"line":8,"column":41}},"5":{"start":{"line":8,"column":28},"end":{"line":8,"column":41}},"6":{"start":{"line":10,"column":18},"end":{"line":11,"column":76}},"7":{"start":{"line":11,"column":23},"end":{"line":11,"column":75}},"8":{"start":{"line":13,"column":4},"end":{"line":13,"column":55}},"9":{"start":{"line":16,"column":24},"end":{"line":43,"column":3}},"10":{"start":{"line":17,"column":19},"end":{"line":17,"column":46}},"11":{"start":{"line":18,"column":18},"end":{"line":40,"column":6}},"12":{"start":{"line":20,"column":6},"end":{"line":22,"column":7}},"13":{"start":{"line":21,"column":8},"end":{"line":21,"column":65}},"14":{"start":{"line":21,"column":37},"end":{"line":21,"column":63}},"15":{"start":{"line":23,"column":6},"end":{"line":39,"column":7}},"16":{"start":{"line":25,"column":10},"end":{"line":25,"column":79}},"17":{"start":{"line":27,"column":10},"end":{"line":27,"column":79}},"18":{"start":{"line":29,"column":10},"end":{"line":32,"column":12}},"19":{"start":{"line":34,"column":10},"end":{"line":34,"column":86}},"20":{"start":{"line":36,"column":10},"end":{"line":36,"column":79}},"21":{"start":{"line":38,"column":10},"end":{"line":38,"column":61}},"22":{"start":{"line":42,"column":4},"end":{"line":42,"column":48}}},"fnMap":{"0":{"name":"(anonymous_0)","decl":{"start":{"line":3,"column":18},"end":{"line":3,"column":19}},"loc":{"start":{"line":3,"column":40},"end":{"line":14,"column":3}},"line":3},"1":{"name":"(anonymous_1)","decl":{"start":{"line":11,"column":11},"end":{"line":11,"column":12}},"loc":{"start":{"line":11,"column":23},"end":{"line":11,"column":75}},"line":11},"2":{"name":"(anonymous_2)","decl":{"start":{"line":16,"column":24},"end":{"line":16,"column":25}},"loc":{"start":{"line":16,"column":45},"end":{"line":43,"column":3}},"line":16},"3":{"name":"(anonymous_3)","decl":{"start":{"line":18,"column":31},"end":{"line":18,"column":32}},"loc":{"start":{"line":18,"column":41},"end":{"line":40,"column":5}},"line":18},"4":{"name":"(anonymous_4)","decl":{"start":{"line":21,"column":27},"end":{"line":21,"column":28}},"loc":{"start":{"line":21,"column":37},"end":{"line":21,"column":63}},"line":21}},"branchMap":{"0":{"loc":{"start":{"line":3,"column":26},"end":{"line":3,"column":35}},"type":"default-arg","locations":[{"start":{"line":3,"column":34},"end":{"line":3,"column":35}}],"line":3},"1":{"loc":{"start":{"line":8,"column":4},"end":{"line":8,"column":41}},"type":"if","locations":[{"start":{"line":8,"column":4},"end":{"line":8,"column":41}},{"start":{},"end":{}}],"line":8},"2":{"loc":{"start":{"line":16,"column":31},"end":{"line":16,"column":40}},"type":"default-arg","locations":[{"start":{"line":16,"column":39},"end":{"line":16,"column":40}}],"line":16},"3":{"loc":{"start":{"line":20,"column":6},"end":{"line":22,"column":7}},"type":"if","locations":[{"start":{"line":20,"column":6},"end":{"line":22,"column":7}},{"start":{},"end":{}}],"line":20},"4":{"loc":{"start":{"line":23,"column":6},"end":{"line":39,"column":7}},"type":"switch","locations":[{"start":{"line":24,"column":8},"end":{"line":25,"column":79}},{"start":{"line":26,"column":8},"end":{"line":27,"column":79}},{"start":{"line":28,"column":8},"end":{"line":32,"column":12}},{"start":{"line":33,"column":8},"end":{"line":34,"column":86}},{"start":{"line":35,"column":8},"end":{"line":36,"column":79}},{"start":{"line":37,"column":8},"end":{"line":38,"column":61}}],"line":23}},"s":{"0":1,"1":92,"2":92,"3":92,"4":92,"5":62,"6":30,"7":38,"8":30,"9":1,"10":14,"11":14,"12":54,"13":8,"14":24,"15":54,"16":22,"17":12,"18":8,"19":8,"20":4,"21":0,"22":14},"f":{"0":92,"1":38,"2":14,"3":54,"4":24},"b":{"0":[0],"1":[62,30],"2":[6],"3":[8,46],"4":[22,12,8,8,4,0]},"_coverageSchema":"1a1c01bbd47fc00a2c39e90264f33305004495a9","hash":"acd5be17e0f7bd19b42767ae7ae0f3848b479c65"}
}
