TN:
SF:src\buildDiff.js
FN:3,(anonymous_0)
FN:6,(anonymous_1)
FNF:2
FNH:2
FNDA:23,(anonymous_0)
FNDA:90,(anonymous_1)
DA:3,1
DA:4,23
DA:6,23
DA:7,90
DA:8,90
DA:10,90
DA:11,21
DA:14,69
DA:15,34
DA:18,35
DA:19,14
DA:22,21
DA:23,14
DA:31,7
LF:14
LH:14
BRDA:10,0,0,21
BRDA:10,0,1,69
BRDA:14,1,0,34
BRDA:14,1,1,35
BRDA:18,2,0,14
BRDA:18,2,1,21
BRDA:18,3,0,35
BRDA:18,3,1,14
BRDA:22,4,0,14
BRDA:22,4,1,7
BRF:10
BRH:10
end_of_record
TN:
SF:src\index.js
FN:7,(anonymous_0)
FN:16,(anonymous_1)
FNF:2
FNH:2
FNDA:9,(anonymous_0)
FNDA:10,(anonymous_1)
DA:7,1
DA:8,9
DA:9,6
DA:10,1
DA:11,1
DA:12,1
DA:16,1
DA:17,10
DA:18,1
DA:20,9
DA:21,9
DA:22,9
DA:23,9
DA:24,8
LF:14
LH:14
BRDA:8,0,0,6
BRDA:8,0,1,1
BRDA:8,0,2,1
BRDA:8,0,3,1
BRDA:16,1,0,5
BRDA:17,2,0,1
BRDA:17,2,1,9
BRF:7
BRH:7
end_of_record
TN:
SF:src\parsers.js
FN:7,(anonymous_0)
FNF:1
FNH:1
FNDA:18,(anonymous_0)
DA:7,1
DA:8,18
DA:9,18
DA:10,18
DA:11,2
DA:13,16
DA:15,16
DA:16,9
DA:18,7
LF:9
LH:9
BRDA:10,0,0,2
BRDA:10,0,1,16
BRDA:15,1,0,9
BRDA:15,1,1,7
BRDA:15,1,2,7
BRF:5
BRH:5
end_of_record
TN:
SF:src\formatters\json.js
FN:1,(anonymous_0)
FNF:1
FNH:1
FNDA:1,(anonymous_0)
DA:1,1
LF:1
LH:1
BRF:0
BRH:0
end_of_record
TN:
SF:src\formatters\plain.js
FN:3,(anonymous_0)
FN:13,(anonymous_1)
FN:14,(anonymous_2)
FN:36,(anonymous_3)
FNF:4
FNH:4
FNDA:8,(anonymous_0)
FNDA:3,(anonymous_1)
FNDA:12,(anonymous_2)
FNDA:1,(anonymous_3)
DA:3,1
DA:4,8
DA:5,3
DA:7,5
DA:8,3
DA:10,2
DA:13,1
DA:14,3
DA:15,12
DA:17,12
DA:19,4
DA:21,3
DA:23,2
DA:25,2
DA:27,1
DA:29,0
DA:33,3
DA:36,1
LF:18
LH:17
BRDA:4,0,0,3
BRDA:4,0,1,5
BRDA:7,1,0,3
BRDA:7,1,1,2
BRDA:13,2,0,1
BRDA:15,3,0,8
BRDA:15,3,1,4
BRDA:17,4,0,4
BRDA:17,4,1,3
BRDA:17,4,2,2
BRDA:17,4,3,2
BRDA:17,4,4,1
BRDA:17,4,5,0
BRF:13
BRH:12
end_of_record
TN:
SF:src\formatters\stylish.js
FN:3,(anonymous_0)
FN:11,(anonymous_1)
FN:16,(anonymous_2)
FN:18,(anonymous_3)
FN:21,(anonymous_4)
FNF:5
FNH:5
FNDA:92,(anonymous_0)
FNDA:38,(anonymous_1)
FNDA:14,(anonymous_2)
FNDA:54,(anonymous_3)
FNDA:24,(anonymous_4)
DA:3,1
DA:4,92
DA:5,92
DA:6,92
DA:8,92
DA:10,30
DA:11,38
DA:13,30
DA:16,1
DA:17,14
DA:18,14
DA:20,54
DA:21,24
DA:23,54
DA:25,22
DA:27,12
DA:29,8
DA:34,8
DA:36,4
DA:38,0
DA:42,14
LF:21
LH:20
BRDA:3,0,0,0
BRDA:8,1,0,62
BRDA:8,1,1,30
BRDA:16,2,0,6
BRDA:20,3,0,8
BRDA:20,3,1,46
BRDA:23,4,0,22
BRDA:23,4,1,12
BRDA:23,4,2,8
BRDA:23,4,3,8
BRDA:23,4,4,4
BRDA:23,4,5,0
BRF:12
BRH:10
end_of_record
